[debug] [2025-02-13T00:02:05.535Z] ----------------------------------------------------------------------
[debug] [2025-02-13T00:02:05.537Z] Command:       /usr/local/bin/node /usr/local/bin/firebase deploy
[debug] [2025-02-13T00:02:05.537Z] CLI Version:   12.5.4
[debug] [2025-02-13T00:02:05.538Z] Platform:      darwin
[debug] [2025-02-13T00:02:05.538Z] Node Version:  v22.13.1
[debug] [2025-02-13T00:02:05.538Z] Time:          Thu Feb 13 2025 02:02:05 GMT+0200 (Eastern European Standard Time)
[debug] [2025-02-13T00:02:05.538Z] ----------------------------------------------------------------------
[debug] 
[debug] [2025-02-13T00:02:05.540Z] >>> [apiv2][query] GET https://firebase-public.firebaseio.com/cli.json [none]
[debug] [2025-02-13T00:02:05.607Z] > command requires scopes: ["email","openid","https://www.googleapis.com/auth/cloudplatformprojects.readonly","https://www.googleapis.com/auth/firebase","https://www.googleapis.com/auth/cloud-platform"]
[debug] [2025-02-13T00:02:05.607Z] > authorizing via signed-in user (jussuom@gmail.com)
[debug] [2025-02-13T00:02:05.607Z] [iam] checking project maatilamatkailua-noormakussa for permissions ["firebase.projects.get","firebasehosting.sites.update"]
[debug] [2025-02-13T00:02:05.608Z] > refreshing access token with scopes: []
[debug] [2025-02-13T00:02:05.608Z] >>> [apiv2][query] POST https://www.googleapis.com/oauth2/v3/token [none]
[debug] [2025-02-13T00:02:05.608Z] >>> [apiv2][body] POST https://www.googleapis.com/oauth2/v3/token [omitted]
[debug] [2025-02-13T00:02:05.767Z] <<< [apiv2][status] POST https://www.googleapis.com/oauth2/v3/token 400
[debug] [2025-02-13T00:02:05.767Z] <<< [apiv2][body] POST https://www.googleapis.com/oauth2/v3/token [omitted]
[debug] [2025-02-13T00:02:05.767Z] >>> [apiv2][query] POST https://cloudresourcemanager.googleapis.com/v1/projects/maatilamatkailua-noormakussa:testIamPermissions [none]
[debug] [2025-02-13T00:02:05.767Z] >>> [apiv2][(partial)header] POST https://cloudresourcemanager.googleapis.com/v1/projects/maatilamatkailua-noormakussa:testIamPermissions x-goog-quota-user=projects/maatilamatkailua-noormakussa
[debug] [2025-02-13T00:02:05.767Z] >>> [apiv2][body] POST https://cloudresourcemanager.googleapis.com/v1/projects/maatilamatkailua-noormakussa:testIamPermissions {"permissions":["firebase.projects.get","firebasehosting.sites.update"]}
[debug] [2025-02-13T00:02:05.996Z] <<< [apiv2][status] GET https://firebase-public.firebaseio.com/cli.json 200
[debug] [2025-02-13T00:02:05.997Z] <<< [apiv2][body] GET https://firebase-public.firebaseio.com/cli.json {"cloudBuildErrorAfter":1594252800000,"cloudBuildWarnAfter":1590019200000,"defaultNode10After":1594252800000,"minVersion":"3.0.5","node8DeploysDisabledAfter":1613390400000,"node8RuntimeDisabledAfter":1615809600000,"node8WarnAfter":1600128000000}
[debug] [2025-02-13T00:02:06.626Z] <<< [apiv2][status] POST https://cloudresourcemanager.googleapis.com/v1/projects/maatilamatkailua-noormakussa:testIamPermissions 401
[debug] [2025-02-13T00:02:06.626Z] <<< [apiv2][body] POST https://cloudresourcemanager.googleapis.com/v1/projects/maatilamatkailua-noormakussa:testIamPermissions {"error":{"code":401,"message":"Request had invalid authentication credentials. Expected OAuth 2 access token, login cookie or other valid authentication credential. See https://developers.google.com/identity/sign-in/web/devconsole-project.","status":"UNAUTHENTICATED","details":[{"@type":"type.googleapis.com/google.rpc.ErrorInfo","reason":"ACCESS_TOKEN_TYPE_UNSUPPORTED","metadata":{"method":"google.cloudresourcemanager.v1.Projects.TestIamPermissions","service":"cloudresourcemanager.googleapis.com"}}]}}
[debug] [2025-02-13T00:02:06.627Z] [iam] error while checking permissions, command may fail: FirebaseError: HTTP Error: 401, Request had invalid authentication credentials. Expected OAuth 2 access token, login cookie or other valid authentication credential. See https://developers.google.com/identity/sign-in/web/devconsole-project.
[debug] [2025-02-13T00:02:06.627Z] > refreshing access token with scopes: []
[debug] [2025-02-13T00:02:06.628Z] >>> [apiv2][query] POST https://www.googleapis.com/oauth2/v3/token [none]
[debug] [2025-02-13T00:02:06.628Z] >>> [apiv2][body] POST https://www.googleapis.com/oauth2/v3/token [omitted]
[debug] [2025-02-13T00:02:06.675Z] <<< [apiv2][status] POST https://www.googleapis.com/oauth2/v3/token 400
[debug] [2025-02-13T00:02:06.675Z] <<< [apiv2][body] POST https://www.googleapis.com/oauth2/v3/token [omitted]
[debug] [2025-02-13T00:02:06.675Z] >>> [apiv2][query] GET https://firebase.googleapis.com/v1beta1/projects/maatilamatkailua-noormakussa [none]
[debug] [2025-02-13T00:02:06.821Z] <<< [apiv2][status] GET https://firebase.googleapis.com/v1beta1/projects/maatilamatkailua-noormakussa 401
[debug] [2025-02-13T00:02:06.821Z] <<< [apiv2][body] GET https://firebase.googleapis.com/v1beta1/projects/maatilamatkailua-noormakussa {"error":{"code":401,"message":"Request had invalid authentication credentials. Expected OAuth 2 access token, login cookie or other valid authentication credential. See https://developers.google.com/identity/sign-in/web/devconsole-project.","status":"UNAUTHENTICATED"}}
[debug] [2025-02-13T00:02:06.821Z] HTTP Error: 401, Request had invalid authentication credentials. Expected OAuth 2 access token, login cookie or other valid authentication credential. See https://developers.google.com/identity/sign-in/web/devconsole-project.
[debug] [2025-02-13T00:02:06.823Z] FirebaseError: HTTP Error: 401, Request had invalid authentication credentials. Expected OAuth 2 access token, login cookie or other valid authentication credential. See https://developers.google.com/identity/sign-in/web/devconsole-project.
    at responseToError (/usr/local/lib/node_modules/firebase-tools/lib/responseToError.js:49:12)
    at RetryOperation._fn (/usr/local/lib/node_modules/firebase-tools/lib/apiv2.js:285:77)
    at process.processTicksAndRejections (node:internal/process/task_queues:105:5)
[error] 
[error] Error: Failed to get Firebase project maatilamatkailua-noormakussa. Please make sure the project exists and your account has permission to access it.
